<?xml version="1.0" encoding="UTF-8"?>
<!-- Generated by org.testng.reporters.JUnitXMLReporter -->
<testsuite hostname="PC102051" name="Default test" tests="21" failures="1" timestamp="7 Aug 2017 07:32:05 GMT" time="609.295" errors="0">
  <testcase name="case0" time="0.952" classname="TestCases.PPM_Mobile_Series_B"/>
  <testcase name="case1" time="2.96" classname="TestCases.PPM_Mobile_Series_B"/>
  <testcase name="case2" time="2.912" classname="TestCases.PPM_Mobile_Series_B"/>
  <testcase name="case3" time="19.961" classname="TestCases.PPM_Mobile_Series_B"/>
  <testcase name="case4" time="124.25" classname="TestCases.PPM_Mobile_Series_B"/>
  <testcase name="case5" time="43.134" classname="TestCases.PPM_Mobile_Series_B"/>
  <testcase name="case6" time="40.239" classname="TestCases.PPM_Mobile_Series_B"/>
  <testcase name="case7" time="45.183" classname="TestCases.PPM_Mobile_Series_B"/>
  <testcase name="case8" time="21.889" classname="TestCases.PPM_Mobile_Series_B">
    <failure type="java.lang.reflect.InvocationTargetException">
      <![CDATA[java.lang.reflect.InvocationTargetException
	at sun.reflect.GeneratedMethodAccessor20.invoke(Unknown Source)
	at sun.reflect.DelegatingMethodAccessorImpl.invoke(Unknown Source)
	at java.lang.reflect.Method.invoke(Unknown Source)
	at com.dafycredit.giveu.test.service.RunUnitService.runCase(RunUnitService.java:97)
	at TestCases.PPM_Mobile_Series_B.case8(PPM_Mobile_Series_B.java:75)
	at sun.reflect.NativeMethodAccessorImpl.invoke0(Native Method)
	at sun.reflect.NativeMethodAccessorImpl.invoke(Unknown Source)
	at sun.reflect.DelegatingMethodAccessorImpl.invoke(Unknown Source)
	at java.lang.reflect.Method.invoke(Unknown Source)
	at org.testng.internal.MethodInvocationHelper.invokeMethod(MethodInvocationHelper.java:86)
	at org.testng.internal.Invoker.invokeMethod(Invoker.java:643)
	at org.testng.internal.Invoker.invokeTestMethod(Invoker.java:820)
	at org.testng.internal.Invoker.invokeTestMethods(Invoker.java:1128)
	at org.testng.internal.TestMethodWorker.invokeTestMethods(TestMethodWorker.java:129)
	at org.testng.internal.TestMethodWorker.run(TestMethodWorker.java:112)
	at org.testng.TestRunner.privateRun(TestRunner.java:782)
	at org.testng.TestRunner.run(TestRunner.java:632)
	at org.testng.SuiteRunner.runTest(SuiteRunner.java:366)
	at org.testng.SuiteRunner.runSequentially(SuiteRunner.java:361)
	at org.testng.SuiteRunner.privateRun(SuiteRunner.java:319)
	at org.testng.SuiteRunner.run(SuiteRunner.java:268)
	at org.testng.SuiteRunnerWorker.runSuite(SuiteRunnerWorker.java:52)
	at org.testng.SuiteRunnerWorker.run(SuiteRunnerWorker.java:86)
	at org.testng.TestNG.runSuitesSequentially(TestNG.java:1244)
	at org.testng.TestNG.runSuitesLocally(TestNG.java:1169)
	at org.testng.TestNG.run(TestNG.java:1064)
	at org.testng.remote.AbstractRemoteTestNG.run(AbstractRemoteTestNG.java:132)
	at org.testng.remote.RemoteTestNG.initAndRun(RemoteTestNG.java:236)
	at org.testng.remote.RemoteTestNG.main(RemoteTestNG.java:81)
Caused by: java.lang.IndexOutOfBoundsException: Index: 0, Size: 0
	at java.util.ArrayList.rangeCheck(Unknown Source)
	at java.util.ArrayList.get(Unknown Source)
	at com.dafycredit.giveu.test.util.AppiumUtil.getElement(AppiumUtil.java:90)
	at com.dafycredit.giveu.test.handler.ClickActionHandler.click(ClickActionHandler.java:30)
	... 29 more
]]>
    </failure>
  </testcase> <!-- case8 -->
  <testcase name="case9" time="3.133" classname="TestCases.PPM_Mobile_Series_B"/>
  <testcase name="case_10" time="2.96" classname="TestCases.PPM_Mobile_Series_B"/>
  <testcase name="case_11" time="3.493" classname="TestCases.PPM_Mobile_Series_B"/>
  <testcase name="case_12" time="52.385" classname="TestCases.PPM_Mobile_Series_B"/>
  <testcase name="case_13" time="8.394" classname="TestCases.PPM_Mobile_Series_B"/>
  <testcase name="case_14" time="1.662" classname="TestCases.PPM_Mobile_Series_B"/>
  <testcase name="case_15" time="1.467" classname="TestCases.PPM_Mobile_Series_B"/>
  <testcase name="case_16" time="0.022" classname="TestCases.PPM_Mobile_Series_B"/>
  <testcase name="case_17" time="39.082" classname="TestCases.PPM_Mobile_Series_B"/>
  <testcase name="case_18" time="148.719" classname="TestCases.PPM_Mobile_Series_B"/>
  <testcase name="case_19" time="0.018" classname="TestCases.PPM_Mobile_Series_B"/>
  <testcase name="case_20" time="0.609" classname="TestCases.PPM_Mobile_Series_B"/>
</testsuite> <!-- Default test -->
