<?xml version="1.0" encoding="UTF-8"?>
<testsuite name="PPM模式下-用户购买B系列手机"
           tests="3"
           failures="2"
           errors="0"
           skipped="0"
           time="24.113">
  <properties />
            <testcase name="case3" time="17.399" classname="TestCases.PPM_Mobile_Series_B">
                <failure type="java.lang.reflect.InvocationTargetException"
                  message="(null)"
              >
<![CDATA[java.lang.reflect.InvocationTargetException
  sun.reflect.NativeMethodAccessorImpl.invoke0(Native Method)
  sun.reflect.NativeMethodAccessorImpl.invoke(Unknown Source)
  sun.reflect.DelegatingMethodAccessorImpl.invoke(Unknown Source)
  java.lang.reflect.Method.invoke(Unknown Source)
  com.dafycredit.giveu.test.base.TestUnit.runCase(TestUnit.java:54)
  TestCases.PPM_Mobile_Series_B.case3(PPM_Mobile_Series_B.java:35)
  sun.reflect.NativeMethodAccessorImpl.invoke0(Native Method)
  sun.reflect.NativeMethodAccessorImpl.invoke(Unknown Source)
  sun.reflect.DelegatingMethodAccessorImpl.invoke(Unknown Source)
  java.lang.reflect.Method.invoke(Unknown Source)
  org.testng.internal.MethodInvocationHelper.invokeMethod(MethodInvocationHelper.java:86)
  org.testng.internal.InvokeMethodRunnable.runOne(InvokeMethodRunnable.java:54)
  org.testng.internal.InvokeMethodRunnable.run(InvokeMethodRunnable.java:44)
  java.util.concurrent.Executors$RunnableAdapter.call(Unknown Source)
  java.util.concurrent.FutureTask.run(Unknown Source)
  java.util.concurrent.ThreadPoolExecutor.runWorker(Unknown Source)
  java.util.concurrent.ThreadPoolExecutor$Worker.run(Unknown Source)
  java.lang.Thread.run(Unknown Source)
Caused by: org.openqa.selenium.NoSuchElementException: An element could not be located on the page using the given search parameters. (WARNING: The server did not provide any stacktrace information)
Command duration or timeout: 5.40 seconds
For documentation on this error, please visit: http://seleniumhq.org/exceptions/no_such_element.html
Build info: version: '2.53.0', revision: '35ae25b1534ae328c771e0856c93e187490ca824', time: '2016-03-15 10:43:46'
System info: host: 'PC102051', ip: '10.10.75.30', os.name: 'Windows 7', os.arch: 'amd64', os.version: '6.1', java.version: '1.8.0_25'
Driver info: io.appium.java_client.android.AndroidDriver
Capabilities [{app=D:\workspace\GiveU.3COrder.Android.Test\TestData\App\Test.apk, networkConnectionEnabled=true, noReset=false, noSign=true, warnings={}, databaseEnabled=false, deviceName=29d25815, fullReset=true, platform=LINUX, desired={app=D:\workspace\GiveU.3COrder.Android.Test\TestData\App\Test.apk, noReset=false, noSign=true, deviceName=Android Emulator, fullReset=true, newCommandTimeout=60000, platformVersion=5.5.1, sessionOverride=true, unicodeKeyboard=true, autoWebview=true, platformName=Android, device=selendroid, resetKeyboard=true}, newCommandTimeout=60000, platformVersion=6.0.1, webStorageEnabled=false, locationContextEnabled=false, browserName=Android, takesScreenshot=true, javascriptEnabled=true, sessionOverride=true, unicodeKeyboard=true, autoWebview=true, platformName=Android, device=selendroid, resetKeyboard=true}]
Session ID: 032574d4-8545-4a30-93fa-fb8bf6cf3525
*** Element info: {Using=id, value=android:id/button1}
  sun.reflect.NativeConstructorAccessorImpl.newInstance0(Native Method)
  sun.reflect.NativeConstructorAccessorImpl.newInstance(Unknown Source)
  sun.reflect.DelegatingConstructorAccessorImpl.newInstance(Unknown Source)
  java.lang.reflect.Constructor.newInstance(Unknown Source)
  org.openqa.selenium.remote.ErrorHandler.createThrowable(ErrorHandler.java:206)
  org.openqa.selenium.remote.ErrorHandler.throwIfResponseFailed(ErrorHandler.java:158)
  org.openqa.selenium.remote.RemoteWebDriver.execute(RemoteWebDriver.java:678)
  io.appium.java_client.DefaultGenericMobileDriver.execute(DefaultGenericMobileDriver.java:42)
  io.appium.java_client.AppiumDriver.execute(AppiumDriver.java:1)
  io.appium.java_client.android.AndroidDriver.execute(AndroidDriver.java:1)
  org.openqa.selenium.remote.RemoteWebDriver.findElement(RemoteWebDriver.java:363)
  org.openqa.selenium.remote.RemoteWebDriver.findElementById(RemoteWebDriver.java:413)
  io.appium.java_client.DefaultGenericMobileDriver.findElementById(DefaultGenericMobileDriver.java:62)
  io.appium.java_client.AppiumDriver.findElementById(AppiumDriver.java:1)
  io.appium.java_client.android.AndroidDriver.findElementById(AndroidDriver.java:1)
  org.openqa.selenium.By$ById.findElement(By.java:218)
  org.openqa.selenium.remote.RemoteWebDriver.findElement(RemoteWebDriver.java:355)
  io.appium.java_client.DefaultGenericMobileDriver.findElement(DefaultGenericMobileDriver.java:52)
  io.appium.java_client.AppiumDriver.findElement(AppiumDriver.java:1)
  io.appium.java_client.android.AndroidDriver.findElement(AndroidDriver.java:1)
  com.dafycredit.giveu.test.handler.ClickActionHandler.click(ClickActionHandler.java:19)
  sun.reflect.NativeMethodAccessorImpl.invoke0(Native Method)
  sun.reflect.NativeMethodAccessorImpl.invoke(Unknown Source)
  sun.reflect.DelegatingMethodAccessorImpl.invoke(Unknown Source)
  java.lang.reflect.Method.invoke(Unknown Source)
  com.dafycredit.giveu.test.base.TestUnit.runCase(TestUnit.java:54)
  TestCases.PPM_Mobile_Series_B.case3(PPM_Mobile_Series_B.java:35)
  sun.reflect.NativeMethodAccessorImpl.invoke0(Native Method)
  sun.reflect.NativeMethodAccessorImpl.invoke(Unknown Source)
  sun.reflect.DelegatingMethodAccessorImpl.invoke(Unknown Source)
  java.lang.reflect.Method.invoke(Unknown Source)
  org.testng.internal.MethodInvocationHelper.invokeMethod(MethodInvocationHelper.java:86)
  org.testng.internal.InvokeMethodRunnable.runOne(InvokeMethodRunnable.java:54)
  org.testng.internal.InvokeMethodRunnable.run(InvokeMethodRunnable.java:44)
  java.util.concurrent.Executors$RunnableAdapter.call(Unknown Source)
  java.util.concurrent.FutureTask.run(Unknown Source)
  java.util.concurrent.ThreadPoolExecutor.runWorker(Unknown Source)
  java.util.concurrent.ThreadPoolExecutor$Worker.run(Unknown Source)
  java.lang.Thread.run(Unknown Source)
]]>
      </failure>

          </testcase>
            <testcase name="case2" time="4.099" classname="TestCases.PPM_Mobile_Series_B">
                <failure type="java.lang.AssertionError"
                  message="进入登录界面失败(实际结果和预期结果不一致)  Actual 【 登录 】  but found 【 登录1 】"
              >
<![CDATA[java.lang.AssertionError: 进入登录界面失败(实际结果和预期结果不一致)  Actual 【 登录 】  but found 【 登录1 】
  org.testng.Assert.fail(Assert.java:94)
  com.dafycredit.giveu.test.base.StepAction$3.run(StepAction.java:56)
  com.dafycredit.giveu.test.base.TestUnit.runCase(TestUnit.java:56)
  TestCases.PPM_Mobile_Series_B.case2(PPM_Mobile_Series_B.java:29)
  sun.reflect.NativeMethodAccessorImpl.invoke0(Native Method)
  sun.reflect.NativeMethodAccessorImpl.invoke(Unknown Source)
  sun.reflect.DelegatingMethodAccessorImpl.invoke(Unknown Source)
  java.lang.reflect.Method.invoke(Unknown Source)
  org.testng.internal.MethodInvocationHelper.invokeMethod(MethodInvocationHelper.java:86)
  org.testng.internal.InvokeMethodRunnable.runOne(InvokeMethodRunnable.java:54)
  org.testng.internal.InvokeMethodRunnable.run(InvokeMethodRunnable.java:44)
  java.util.concurrent.Executors$RunnableAdapter.call(Unknown Source)
  java.util.concurrent.FutureTask.run(Unknown Source)
  java.util.concurrent.ThreadPoolExecutor.runWorker(Unknown Source)
  java.util.concurrent.ThreadPoolExecutor$Worker.run(Unknown Source)
  java.lang.Thread.run(Unknown Source)
]]>
      </failure>

          </testcase>
  
  
            <testcase name="case1" time="2.615" classname="TestCases.PPM_Mobile_Series_B" />
      
</testsuite>
